<?xml version="1.0" encoding="UTF-8"?>
<!-- Generated by org.testng.reporters.JUnitReportReporter -->
<testsuite hostname="BLTSP03048" name="tests.NewTest" tests="1" failures="0" timestamp="17 Sep 2020 05:16:08 GMT" time="3.964" errors="0">
  <testcase name="openMyBlog" time="3.964" classname="tests.NewTest"/>
</testsuite> <!-- tests.NewTest -->
