<?xml version="1.0" encoding="UTF-8"?>
<!-- Generated by org.testng.reporters.JUnitReportReporter -->
<testsuite hostname="BLTSP03048" name="tests.NewTest" tests="1" failures="0" timestamp="17 Sep 2020 05:33:40 GMT" time="2.429" errors="0">
  <testcase name="openMyBlog" time="2.429" classname="tests.NewTest"/>
</testsuite> <!-- tests.NewTest -->
